2024-02-05 22:34:02.009 | INFO     | __main__:main:80 - 欢迎来到Git上传工具 v2.0
2024-02-05 22:34:02.050 | INFO     | __main__:main:85 - 当前分支: main
2024-02-05 22:34:02.051 | INFO     | __main__:main:86 - 其他分支: []
2024-02-05 22:34:02.687 | INFO     | __main__:findCommits:61 - On branch main
2024-02-05 22:34:02.688 | INFO     | __main__:findCommits:61 - Your branch is up to date with 'origin/main'.
2024-02-05 22:34:02.688 | INFO     | __main__:findCommits:61 - 
2024-02-05 22:34:02.688 | INFO     | __main__:findCommits:61 - Changes to be committed:
2024-02-05 22:34:02.688 | INFO     | __main__:findCommits:61 -   (use "git restore --staged <file>..." to unstage)
2024-02-05 22:34:02.688 | INFO     | __main__:findCommits:61 - 	modified:   .gitignore
2024-02-05 22:34:02.688 | INFO     | __main__:findCommits:61 - 	new file:   Git_Uploader.py
2024-02-05 22:34:02.688 | INFO     | __main__:findCommits:61 - 	new file:   Uploader_log/file-2024-02-05.log
2024-02-05 22:34:02.688 | INFO     | __main__:findCommits:61 - 	modified:   css/problem.css
2024-02-05 22:34:02.688 | INFO     | __main__:findCommits:61 - 	modified:   js/locale.js
2024-02-05 22:34:02.689 | INFO     | __main__:findCommits:61 - 	modified:   js/problem.js
2024-02-05 22:34:02.689 | INFO     | __main__:findCommits:61 - 	new file:   js/translate.js
2024-02-05 22:34:02.689 | INFO     | __main__:findCommits:61 - 	new file:   package-lock.json
2024-02-05 22:34:02.689 | INFO     | __main__:findCommits:61 - 	modified:   package.json
2024-02-05 22:34:02.689 | INFO     | __main__:findCommits:61 - 	modified:   problem.html
2024-02-05 22:34:02.689 | INFO     | __main__:findCommits:61 - 
2024-02-05 22:34:02.689 | INFO     | __main__:main:100 - 更改过的文件: ['.gitignore', 'Git_Uploader.py', 'Uploader_log/file-2024-02-05.log', 'css/problem.css', 'js/locale.js', 'js/problem.js', 'js/translate.js', 'package-lock.json', 'package.json', 'problem.html']
2024-02-05 22:34:02.690 | INFO     | __main__:main:106 - Decoded: ./.gitignore
2024-02-05 22:34:10.432 | INFO     | __main__:main:106 - Decoded: ./Git_Uploader.py
2024-02-05 22:34:16.305 | INFO     | __main__:main:106 - Decoded: ./Uploader_log/file-2024-02-05.log
